<?xml version="1.0" encoding="UTF-8"?>
<!-- Generated by org.testng.reporters.JUnitXMLReporter -->
<testsuite ignored="0" hostname="LAPTOP-J1D6NOHE" failures="1" tests="3" name="Test" time="33.878" errors="0" timestamp="09 Mar 2023 14:20:40 GMT">
  <testcase classname="actionsClass.Slider" name="verifyslider" time="10.24"/>
  <testcase classname="actionsClass.DragAndDrop" name="draganddro" time="9.734"/>
  <testcase classname="actionsClass.MouseOver" name="mouseover" time="13.861">
    <failure type="java.lang.IllegalArgumentException" message="Key Down / Up events only make sense for modifier keys.">
      <![CDATA[java.lang.IllegalArgumentException: Key Down / Up events only make sense for modifier keys.
at org.openqa.selenium.interactions.internal.SingleKeyAction.<init>(SingleKeyAction.java:49)
at org.openqa.selenium.interactions.internal.SingleKeyAction.<init>(SingleKeyAction.java:37)
at org.openqa.selenium.interactions.KeyDownAction.<init>(KeyDownAction.java:40)
at org.openqa.selenium.interactions.Actions.keyDown(Actions.java:115)
at actionsClass.MouseOver.mouseover(MouseOver.java:37)
... Removed 25 stack frames]]>
    </failure>
  </testcase> <!-- mouseover -->
</testsuite> <!-- Test -->
