<?xml version="1.0" encoding="UTF-8"?>
<testng-results ignored="0" total="1" passed="1" failed="0" skipped="0">
  <reporter-output>
  </reporter-output>
  <suite started-at="2023-03-09T10:29:34Z" name="Default suite" finished-at="2023-03-09T10:29:48Z" duration-ms="13583">
    <groups>
    </groups>
    <test started-at="2023-03-09T10:29:34Z" name="Default test" finished-at="2023-03-09T10:29:48Z" duration-ms="13583">
      <class name="extentReport.ExtentReport">
        <test-method signature="TestReport()[pri:0, instance:extentReport.ExtentReport@1f59a598]" started-at="2023-03-09T10:29:34Z" name="TestReport" finished-at="2023-03-09T10:29:48Z" duration-ms="13552" status="PASS">
          <reporter-output>
          </reporter-output>
        </test-method> <!-- TestReport -->
      </class> <!-- extentReport.ExtentReport -->
    </test> <!-- Default test -->
  </suite> <!-- Default suite -->
</testng-results>
