<?xml version="1.0" encoding="UTF-8"?>
<testng-results ignored="0" total="1" passed="1" failed="0" skipped="0">
  <reporter-output>
  </reporter-output>
  <suite started-at="2023-03-02T11:22:48Z" name="Default suite" finished-at="2023-03-02T11:22:56Z" duration-ms="7513">
    <groups>
    </groups>
    <test started-at="2023-03-02T11:22:48Z" name="Default test" finished-at="2023-03-02T11:22:56Z" duration-ms="7513">
      <class name="log4j.Log4j">
        <test-method signature="navigate()[pri:0, instance:log4j.Log4j@2c532cd8]" started-at="2023-03-02T11:22:48Z" name="navigate" finished-at="2023-03-02T11:22:56Z" duration-ms="7490" status="PASS">
          <reporter-output>
          </reporter-output>
        </test-method> <!-- navigate -->
      </class> <!-- log4j.Log4j -->
    </test> <!-- Default test -->
  </suite> <!-- Default suite -->
</testng-results>
